2021-02-09 15:35:27,032 INFO supervisord started with pid 1
2021-02-09 15:35:28,034 INFO spawned: 'laravel-worker_00' with pid 10
2021-02-09 15:35:29,302 INFO success: laravel-worker_00 entered RUNNING state, process has stayed up for > than 1 seconds (startsecs)
2021-02-09 17:13:31,386 WARN received SIGTERM indicating exit request
2021-02-09 17:13:31,413 INFO waiting for laravel-worker_00 to die
2021-02-09 17:13:34,417 INFO waiting for laravel-worker_00 to die
2021-02-14 06:41:48,972 INFO supervisord started with pid 1
2021-02-14 06:41:49,974 INFO spawned: 'laravel-worker_00' with pid 10
2021-02-14 06:41:51,169 INFO success: laravel-worker_00 entered RUNNING state, process has stayed up for > than 1 seconds (startsecs)
2021-02-14 10:11:07,218 INFO supervisord started with pid 1
2021-02-14 10:11:08,220 INFO spawned: 'laravel-worker_00' with pid 9
2021-02-14 10:11:09,428 INFO success: laravel-worker_00 entered RUNNING state, process has stayed up for > than 1 seconds (startsecs)
2021-02-14 14:17:46,538 WARN received SIGTERM indicating exit request
2021-02-14 14:17:46,539 INFO waiting for laravel-worker_00 to die
2021-02-14 14:17:46,547 INFO reaped unknown pid 27
2021-02-14 14:17:46,553 INFO stopped: laravel-worker_00 (exit status 0)
2021-02-16 05:53:29,764 INFO supervisord started with pid 1
2021-02-16 05:53:30,766 INFO spawned: 'laravel-worker_00' with pid 10
2021-02-16 05:53:31,965 INFO success: laravel-worker_00 entered RUNNING state, process has stayed up for > than 1 seconds (startsecs)
2021-02-18 09:22:21,118 INFO supervisord started with pid 1
2021-02-18 09:22:22,120 INFO spawned: 'laravel-worker_00' with pid 9
2021-02-18 09:22:23,321 INFO success: laravel-worker_00 entered RUNNING state, process has stayed up for > than 1 seconds (startsecs)
2021-02-18 13:07:21,675 WARN received SIGTERM indicating exit request
2021-02-18 13:07:21,695 INFO waiting for laravel-worker_00 to die
2021-02-18 13:07:23,854 INFO stopped: laravel-worker_00 (exit status 0)
2021-02-23 08:54:36,291 INFO supervisord started with pid 1
2021-02-23 08:54:37,293 INFO spawned: 'laravel-worker_00' with pid 10
2021-02-23 08:54:38,501 INFO success: laravel-worker_00 entered RUNNING state, process has stayed up for > than 1 seconds (startsecs)
2021-02-23 11:20:40,717 WARN received SIGTERM indicating exit request
2021-02-23 11:20:40,734 INFO waiting for laravel-worker_00 to die
2021-02-23 11:20:43,738 INFO waiting for laravel-worker_00 to die
